  Main.cpp
s:\gl\include\utilidades.h(29): warning C4838: la conversión de 'double' en 'const GLfloat' requiere una conversión de restricción
s:\gl\include\utilidades.h(29): warning C4305: 'inicializando': truncamiento de 'double' a 'const GLfloat'
s:\gl\include\utilidades.h(30): warning C4838: la conversión de 'double' en 'const GLfloat' requiere una conversión de restricción
s:\gl\include\utilidades.h(30): warning C4305: 'inicializando': truncamiento de 'double' a 'const GLfloat'
s:\gl\include\utilidades.h(35): warning C4838: la conversión de 'double' en 'const GLfloat' requiere una conversión de restricción
s:\gl\include\utilidades.h(35): warning C4305: 'inicializando': truncamiento de 'double' a 'const GLfloat'
s:\gl\include\utilidades.h(36): warning C4838: la conversión de 'double' en 'const GLfloat' requiere una conversión de restricción
s:\gl\include\utilidades.h(36): warning C4305: 'inicializando': truncamiento de 'double' a 'const GLfloat'
s:\gl\include\utilidades.h(38): warning C4838: la conversión de 'double' en 'const GLfloat' requiere una conversión de restricción
s:\gl\include\utilidades.h(38): warning C4305: 'inicializando': truncamiento de 'double' a 'const GLfloat'
s:\gl\include\utilidades.h(252): warning C4305: 'argumento': truncamiento de 'double' a 'GLfloat'
s:\tfg\tfg\tramos.h(83): warning C4244: 'argumento': conversión de 'const int' a 'GLfloat'; posible pérdida de datos
s:\tfg\tfg\tramos.h(101): warning C4244: '=': conversión de 'double' a 'float'; posible pérdida de datos
s:\tfg\tfg\tramos.h(109): warning C4244: 'inicializando': conversión de 'double' a 'float'; posible pérdida de datos
s:\tfg\tfg\tramos.h(115): warning C4244: 'inicializando': conversión de 'double' a 'float'; posible pérdida de datos
s:\tfg\tfg\main.cpp(169): warning C4244: 'argumento': conversión de 'GLint' a 'GLfloat'; posible pérdida de datos
s:\tfg\tfg\main.cpp(208): warning C4244: 'argumento': conversión de 'double' a 'GLfloat'; posible pérdida de datos
s:\tfg\tfg\main.cpp(211): warning C4244: 'argumento': conversión de 'double' a 'GLfloat'; posible pérdida de datos
s:\tfg\tfg\main.cpp(214): warning C4244: 'argumento': conversión de 'double' a 'GLfloat'; posible pérdida de datos
s:\tfg\tfg\main.cpp(217): warning C4244: 'argumento': conversión de 'double' a 'GLfloat'; posible pérdida de datos
s:\tfg\tfg\main.cpp(223): warning C4244: 'argumento': conversión de 'double' a 'GLfloat'; posible pérdida de datos
s:\tfg\tfg\main.cpp(226): warning C4244: 'argumento': conversión de 'double' a 'GLfloat'; posible pérdida de datos
s:\tfg\tfg\main.cpp(229): warning C4244: 'argumento': conversión de 'double' a 'GLfloat'; posible pérdida de datos
s:\tfg\tfg\main.cpp(232): warning C4244: 'argumento': conversión de 'double' a 'GLfloat'; posible pérdida de datos
s:\tfg\tfg\main.cpp(241): warning C4244: '=': conversión de 'double' a 'GLfloat'; posible pérdida de datos
s:\tfg\tfg\main.cpp(242): warning C4244: '=': conversión de 'double' a 'GLfloat'; posible pérdida de datos
s:\tfg\tfg\main.cpp(243): warning C4244: '=': conversión de 'double' a 'GLfloat'; posible pérdida de datos
s:\tfg\tfg\main.cpp(244): warning C4244: '=': conversión de 'double' a 'GLfloat'; posible pérdida de datos
s:\tfg\tfg\main.cpp(274): warning C4244: 'argumento': conversión de 'double' a 'GLfloat'; posible pérdida de datos
s:\tfg\tfg\main.cpp(277): warning C4244: 'argumento': conversión de 'double' a 'GLfloat'; posible pérdida de datos
s:\tfg\tfg\main.cpp(280): warning C4244: 'argumento': conversión de 'double' a 'GLfloat'; posible pérdida de datos
s:\tfg\tfg\main.cpp(283): warning C4244: 'argumento': conversión de 'double' a 'GLfloat'; posible pérdida de datos
s:\tfg\tfg\main.cpp(288): warning C4244: 'argumento': conversión de 'double' a 'GLfloat'; posible pérdida de datos
s:\tfg\tfg\main.cpp(291): warning C4244: 'argumento': conversión de 'double' a 'GLfloat'; posible pérdida de datos
s:\tfg\tfg\main.cpp(294): warning C4244: 'argumento': conversión de 'double' a 'GLfloat'; posible pérdida de datos
s:\tfg\tfg\main.cpp(297): warning C4244: 'argumento': conversión de 'double' a 'GLfloat'; posible pérdida de datos
s:\tfg\tfg\main.cpp(306): warning C4244: '=': conversión de 'double' a 'GLfloat'; posible pérdida de datos
s:\tfg\tfg\main.cpp(307): warning C4244: '=': conversión de 'double' a 'GLfloat'; posible pérdida de datos
s:\tfg\tfg\main.cpp(308): warning C4244: '=': conversión de 'double' a 'GLfloat'; posible pérdida de datos
s:\tfg\tfg\main.cpp(309): warning C4244: '=': conversión de 'double' a 'GLfloat'; posible pérdida de datos
s:\tfg\tfg\main.cpp(413): warning C4244: 'inicializando': conversión de 'double' a 'GLfloat'; posible pérdida de datos
s:\tfg\tfg\main.cpp(418): warning C4244: 'argumento': conversión de 'float' a 'GLint'; posible pérdida de datos
s:\tfg\tfg\main.cpp(440): warning C4244: '=': conversión de 'double' a 'float'; posible pérdida de datos
s:\tfg\tfg\main.cpp(441): warning C4244: '=': conversión de 'double' a 'float'; posible pérdida de datos
s:\tfg\tfg\main.cpp(507): warning C4244: 'argumento': conversión de 'double' a 'GLboolean'; posible pérdida de datos
s:\tfg\tfg\main.cpp(513): warning C4305: 'argumento': truncamiento de 'double' a 'GLfloat'
s:\tfg\tfg\main.cpp(520): warning C4305: 'argumento': truncamiento de 'double' a 'GLfloat'
s:\tfg\tfg\main.cpp(527): warning C4305: 'argumento': truncamiento de 'double' a 'GLfloat'
s:\tfg\tfg\main.cpp(536): warning C4305: 'argumento': truncamiento de 'double' a 'GLfloat'
s:\tfg\tfg\main.cpp(543): warning C4305: 'argumento': truncamiento de 'double' a 'GLfloat'
s:\tfg\tfg\main.cpp(551): warning C4305: 'argumento': truncamiento de 'double' a 'GLfloat'
s:\tfg\tfg\main.cpp(553): warning C4244: 'argumento': conversión de 'double' a 'GLboolean'; posible pérdida de datos
s:\tfg\tfg\main.cpp(662): warning C4305: 'argumento': truncamiento de 'double' a 'GLfloat'
s:\tfg\tfg\main.cpp(664): warning C4305: 'argumento': truncamiento de 'double' a 'GLfloat'
s:\tfg\tfg\main.cpp(673): warning C4305: 'argumento': truncamiento de 'double' a 'GLfloat'
s:\tfg\tfg\main.cpp(678): warning C4838: la conversión de 'double' en 'GLfloat' requiere una conversión de restricción
s:\tfg\tfg\main.cpp(678): warning C4305: 'inicializando': truncamiento de 'double' a 'GLfloat'
s:\tfg\tfg\main.cpp(679): warning C4838: la conversión de 'double' en 'GLfloat' requiere una conversión de restricción
s:\tfg\tfg\main.cpp(679): warning C4305: 'inicializando': truncamiento de 'double' a 'GLfloat'
s:\tfg\tfg\main.cpp(680): warning C4838: la conversión de 'double' en 'GLfloat' requiere una conversión de restricción
s:\tfg\tfg\main.cpp(680): warning C4305: 'inicializando': truncamiento de 'double' a 'GLfloat'
s:\tfg\tfg\main.cpp(683): warning C4305: 'argumento': truncamiento de 'double' a 'GLfloat'
s:\tfg\tfg\main.cpp(685): warning C4244: 'argumento': conversión de 'double' a 'GLfloat'; posible pérdida de datos
s:\tfg\tfg\main.cpp(762): warning C4244: '=': conversión de 'double' a 'float'; posible pérdida de datos
s:\tfg\tfg\main.cpp(763): warning C4244: '=': conversión de 'double' a 'float'; posible pérdida de datos
s:\tfg\tfg\main.cpp(768): warning C4244: 'argumento': conversión de 'double' a 'GLfloat'; posible pérdida de datos
s:\tfg\tfg\main.cpp(770): warning C4244: 'argumento': conversión de 'double' a 'GLfloat'; posible pérdida de datos
s:\tfg\tfg\main.cpp(808): warning C4305: 'argumento': truncamiento de 'double' a 'GLfloat'
s:\tfg\tfg\main.cpp(810): warning C4305: 'argumento': truncamiento de 'double' a 'GLfloat'
s:\tfg\tfg\main.cpp(813): warning C4305: 'argumento': truncamiento de 'double' a 'GLfloat'
s:\tfg\tfg\main.cpp(835): warning C4305: 'argumento': truncamiento de 'double' a 'GLfloat'
s:\tfg\tfg\main.cpp(838): warning C4305: 'argumento': truncamiento de 'double' a 'GLfloat'
s:\tfg\tfg\main.cpp(841): warning C4305: 'argumento': truncamiento de 'double' a 'GLfloat'
s:\tfg\tfg\main.cpp(844): warning C4305: 'argumento': truncamiento de 'double' a 'GLfloat'
s:\tfg\tfg\main.cpp(939): warning C4305: 'argumento': truncamiento de 'double' a 'GLfloat'
s:\tfg\tfg\main.cpp(941): warning C4305: 'argumento': truncamiento de 'double' a 'GLfloat'
s:\tfg\tfg\main.cpp(950): warning C4305: 'argumento': truncamiento de 'double' a 'GLfloat'
s:\tfg\tfg\main.cpp(955): warning C4838: la conversión de 'double' en 'GLfloat' requiere una conversión de restricción
s:\tfg\tfg\main.cpp(955): warning C4305: 'inicializando': truncamiento de 'double' a 'GLfloat'
s:\tfg\tfg\main.cpp(956): warning C4838: la conversión de 'double' en 'GLfloat' requiere una conversión de restricción
s:\tfg\tfg\main.cpp(956): warning C4305: 'inicializando': truncamiento de 'double' a 'GLfloat'
s:\tfg\tfg\main.cpp(957): warning C4838: la conversión de 'double' en 'GLfloat' requiere una conversión de restricción
s:\tfg\tfg\main.cpp(957): warning C4305: 'inicializando': truncamiento de 'double' a 'GLfloat'
s:\tfg\tfg\main.cpp(962): warning C4305: 'argumento': truncamiento de 'double' a 'GLfloat'
s:\tfg\tfg\main.cpp(963): warning C4244: 'argumento': conversión de 'double' a 'GLfloat'; posible pérdida de datos
s:\tfg\tfg\main.cpp(1022): warning C4305: 'argumento': truncamiento de 'double' a 'GLfloat'
s:\tfg\tfg\main.cpp(1025): warning C4305: 'argumento': truncamiento de 'double' a 'GLfloat'
s:\tfg\tfg\main.cpp(1028): warning C4305: 'argumento': truncamiento de 'double' a 'GLfloat'
s:\tfg\tfg\main.cpp(1031): warning C4305: 'argumento': truncamiento de 'double' a 'GLfloat'
s:\tfg\tfg\main.cpp(1051): warning C4305: 'argumento': truncamiento de 'double' a 'GLfloat'
s:\tfg\tfg\main.cpp(1054): warning C4305: 'argumento': truncamiento de 'double' a 'GLfloat'
s:\tfg\tfg\main.cpp(1057): warning C4305: 'argumento': truncamiento de 'double' a 'GLfloat'
s:\tfg\tfg\main.cpp(1060): warning C4305: 'argumento': truncamiento de 'double' a 'GLfloat'
s:\tfg\tfg\main.cpp(1066): warning C4305: 'argumento': truncamiento de 'double' a 'GLfloat'
s:\tfg\tfg\main.cpp(1094): warning C4305: 'argumento': truncamiento de 'double' a 'GLfloat'
s:\tfg\tfg\main.cpp(1097): warning C4305: 'argumento': truncamiento de 'double' a 'GLfloat'
s:\tfg\tfg\main.cpp(1099): warning C4305: 'argumento': truncamiento de 'double' a 'GLfloat'
s:\tfg\tfg\main.cpp(1101): warning C4305: 'argumento': truncamiento de 'double' a 'GLfloat'
s:\tfg\tfg\main.cpp(1103): warning C4305: 'argumento': truncamiento de 'double' a 'GLfloat'
s:\tfg\tfg\main.cpp(1115): warning C4305: 'argumento': truncamiento de 'double' a 'GLfloat'
s:\tfg\tfg\main.cpp(1117): warning C4305: 'argumento': truncamiento de 'double' a 'GLfloat'
s:\tfg\tfg\main.cpp(1119): warning C4305: 'argumento': truncamiento de 'double' a 'GLfloat'
s:\tfg\tfg\main.cpp(1121): warning C4305: 'argumento': truncamiento de 'double' a 'GLfloat'
s:\tfg\tfg\main.cpp(1131): warning C4305: 'argumento': truncamiento de 'double' a 'GLfloat'
s:\tfg\tfg\main.cpp(1133): warning C4305: 'argumento': truncamiento de 'double' a 'GLfloat'
s:\tfg\tfg\main.cpp(1135): warning C4305: 'argumento': truncamiento de 'double' a 'GLfloat'
s:\tfg\tfg\main.cpp(1137): warning C4305: 'argumento': truncamiento de 'double' a 'GLfloat'
s:\tfg\tfg\main.cpp(1147): warning C4305: 'argumento': truncamiento de 'double' a 'GLfloat'
s:\tfg\tfg\main.cpp(1149): warning C4305: 'argumento': truncamiento de 'double' a 'GLfloat'
s:\tfg\tfg\main.cpp(1151): warning C4305: 'argumento': truncamiento de 'double' a 'GLfloat'
s:\tfg\tfg\main.cpp(1153): warning C4305: 'argumento': truncamiento de 'double' a 'GLfloat'
s:\tfg\tfg\main.cpp(1163): warning C4305: 'argumento': truncamiento de 'double' a 'GLfloat'
s:\tfg\tfg\main.cpp(1165): warning C4305: 'argumento': truncamiento de 'double' a 'GLfloat'
s:\tfg\tfg\main.cpp(1167): warning C4305: 'argumento': truncamiento de 'double' a 'GLfloat'
s:\tfg\tfg\main.cpp(1169): warning C4305: 'argumento': truncamiento de 'double' a 'GLfloat'
s:\tfg\tfg\main.cpp(1179): warning C4305: 'argumento': truncamiento de 'double' a 'GLfloat'
s:\tfg\tfg\main.cpp(1181): warning C4305: 'argumento': truncamiento de 'double' a 'GLfloat'
s:\tfg\tfg\main.cpp(1183): warning C4305: 'argumento': truncamiento de 'double' a 'GLfloat'
s:\tfg\tfg\main.cpp(1185): warning C4305: 'argumento': truncamiento de 'double' a 'GLfloat'
s:\tfg\tfg\main.cpp(1328): warning C4838: la conversión de 'double' en 'GLfloat' requiere una conversión de restricción
s:\tfg\tfg\main.cpp(1328): warning C4305: 'inicializando': truncamiento de 'double' a 'GLfloat'
s:\tfg\tfg\main.cpp(1331): warning C4305: '=': truncamiento de 'double' a 'GLfloat'
s:\tfg\tfg\main.cpp(1332): warning C4305: '=': truncamiento de 'double' a 'GLfloat'
s:\tfg\tfg\main.cpp(1333): warning C4305: '=': truncamiento de 'double' a 'GLfloat'
s:\tfg\tfg\main.cpp(1337): warning C4305: 'argumento': truncamiento de 'double' a 'GLfloat'
s:\tfg\tfg\main.cpp(1376): warning C4305: 'argumento': truncamiento de 'double' a 'float'
s:\tfg\tfg\main.cpp(1380): warning C4305: 'argumento': truncamiento de 'double' a 'float'
s:\tfg\tfg\main.cpp(1386): warning C4305: 'argumento': truncamiento de 'double' a 'GLfloat'
s:\tfg\tfg\main.cpp(1508): warning C4838: la conversión de 'double' en 'GLfloat' requiere una conversión de restricción
s:\tfg\tfg\main.cpp(1508): warning C4305: 'inicializando': truncamiento de 'double' a 'GLfloat'
s:\tfg\tfg\main.cpp(1613): warning C4244: '=': conversión de 'double' a 'GLfloat'; posible pérdida de datos
s:\tfg\tfg\main.cpp(1617): warning C4244: '=': conversión de 'double' a 'GLfloat'; posible pérdida de datos
s:\tfg\tfg\main.cpp(1621): warning C4244: '=': conversión de 'double' a 'GLfloat'; posible pérdida de datos
s:\tfg\tfg\main.cpp(1628): warning C4244: '=': conversión de 'double' a 'GLfloat'; posible pérdida de datos
s:\tfg\tfg\main.cpp(1669): warning C4244: 'inicializando': conversión de 'GLfloat' a 'int'; posible pérdida de datos
s:\tfg\tfg\main.cpp(1670): warning C4244: 'inicializando': conversión de 'GLfloat' a 'int'; posible pérdida de datos
s:\tfg\tfg\main.cpp(1672): warning C4244: '=': conversión de 'int' a 'GLfloat'; posible pérdida de datos
s:\tfg\tfg\main.cpp(1673): warning C4244: '=': conversión de 'int' a 'GLfloat'; posible pérdida de datos
s:\tfg\tfg\main.cpp(1675): warning C4244: 'argumento': conversión de 'int' a 'float'; posible pérdida de datos
s:\tfg\tfg\main.cpp(1695): warning C4244: '=': conversión de 'int' a 'GLfloat'; posible pérdida de datos
s:\tfg\tfg\main.cpp(1696): warning C4244: '=': conversión de 'int' a 'GLfloat'; posible pérdida de datos
s:\tfg\tfg\main.cpp(1799): warning C4244: '=': conversión de 'double' a 'GLfloat'; posible pérdida de datos
s:\tfg\tfg\main.cpp(1863): warning C4244: '+=': conversión de 'double' a 'GLfloat'; posible pérdida de datos
s:\tfg\tfg\main.cpp(1864): warning C4244: '+=': conversión de 'double' a 'GLfloat'; posible pérdida de datos
s:\tfg\tfg\main.cpp(1866): warning C4244: '=': conversión de 'double' a 'GLfloat'; posible pérdida de datos
s:\tfg\tfg\main.cpp(1867): warning C4244: '=': conversión de 'double' a 'GLfloat'; posible pérdida de datos
s:\tfg\tfg\main.cpp(1868): warning C4244: '=': conversión de 'double' a 'GLfloat'; posible pérdida de datos
s:\tfg\tfg\main.cpp(1869): warning C4244: '=': conversión de 'double' a 'GLfloat'; posible pérdida de datos
s:\tfg\tfg\main.cpp(1871): warning C4244: '=': conversión de 'double' a 'GLfloat'; posible pérdida de datos
s:\tfg\tfg\main.cpp(1872): warning C4244: '=': conversión de 'double' a 'GLfloat'; posible pérdida de datos
  Practicas.vcxproj -> S:\TFG\TFG\Debug\TFG.exe
